# JRE version: Java(TM) SE Runtime Environment (8.0_25-b18) (build 1.8.0_25-b18)
# Java VM: Java HotSpot(TM) Client VM (25.25-b02 mixed mode windows-x86 )
Heap:
 def new generation   total 20736K, used 17916K [0x04c00000, 0x06280000, 0x0a150000)
  eden space 18432K,  94% used [0x04c00000, 0x05cee628, 0x05e00000)
  from space 2304K,  25% used [0x05e00000, 0x05e90b90, 0x06040000)
  to   space 2304K,   0% used [0x06040000, 0x06040000, 0x06280000)
 tenured generation   total 45928K, used 27407K [0x0a150000, 0x0ce2a000, 0x14c00000)
   the space 45928K,  59% used [0x0a150000, 0x0bc13f60, 0x0bc14000, 0x0ce2a000)
 Metaspace       used 10757K, capacity 10922K, committed 11008K, reserved 11648K
GC Heap History (10 events):
Event: 28899.429 GC heap before
{Heap before GC invocations=1396 (full 759):
 def new generation   total 20736K, used 19012K [0x04c00000, 0x06280000, 0x0a150000)
  eden space 18432K, 100% used [0x04c00000, 0x05e00000, 0x05e00000)
  from space 2304K,  25% used [0x06040000, 0x060d1198, 0x06280000)
  to   space 2304K,   0% used [0x05e00000, 0x05e00000, 0x06040000)
 tenured generation   total 45928K, used 27407K [0x0a150000, 0x0ce2a000, 0x14c00000)
   the space 45928K,  59% used [0x0a150000, 0x0bc13f60, 0x0bc14000, 0x0ce2a000)
 Metaspace       used 10757K, capacity 10922K, committed 11008K, reserved 11648K
Event: 28899.431 GC heap after
Heap after GC invocations=1397 (full 759):
 def new generation   total 20736K, used 576K [0x04c00000, 0x06280000, 0x0a150000)
  eden space 18432K,   0% used [0x04c00000, 0x04c00000, 0x05e00000)
  from space 2304K,  25% used [0x05e00000, 0x05e90028, 0x06040000)
  to   space 2304K,   0% used [0x06040000, 0x06040000, 0x06280000)
 tenured generation   total 45928K, used 27407K [0x0a150000, 0x0ce2a000, 0x14c00000)
   the space 45928K,  59% used [0x0a150000, 0x0bc13f60, 0x0bc14000, 0x0ce2a000)
 Metaspace       used 10757K, capacity 10922K, committed 11008K, reserved 11648K
}
Event: 28899.700 GC heap before
{Heap before GC invocations=1397 (full 759):
 def new generation   total 20736K, used 19008K [0x04c00000, 0x06280000, 0x0a150000)
  eden space 18432K, 100% used [0x04c00000, 0x05e00000, 0x05e00000)
  from space 2304K,  25% used [0x05e00000, 0x05e90028, 0x06040000)
  to   space 2304K,   0% used [0x06040000, 0x06040000, 0x06280000)
 tenured generation   total 45928K, used 27407K [0x0a150000, 0x0ce2a000, 0x14c00000)
   the space 45928K,  59% used [0x0a150000, 0x0bc13f60, 0x0bc14000, 0x0ce2a000)
 Metaspace       used 10757K, capacity 10922K, committed 11008K, reserved 11648K
Event: 28899.702 GC heap after
Heap after GC invocations=1398 (full 759):
 def new generation   total 20736K, used 576K [0x04c00000, 0x06280000, 0x0a150000)
  eden space 18432K,   0% used [0x04c00000, 0x04c00000, 0x05e00000)
  from space 2304K,  25% used [0x06040000, 0x060d00f0, 0x06280000)
  to   space 2304K,   0% used [0x05e00000, 0x05e00000, 0x06040000)
 tenured generation   total 45928K, used 27407K [0x0a150000, 0x0ce2a000, 0x14c00000)
   the space 45928K,  59% used [0x0a150000, 0x0bc13f60, 0x0bc14000, 0x0ce2a000)
 Metaspace       used 10757K, capacity 10922K, committed 11008K, reserved 11648K
}
Event: 28901.208 GC heap before
{Heap before GC invocations=1398 (full 759):
 def new generation   total 20736K, used 19008K [0x04c00000, 0x06280000, 0x0a150000)
  eden space 18432K, 100% used [0x04c00000, 0x05e00000, 0x05e00000)
  from space 2304K,  25% used [0x06040000, 0x060d00f0, 0x06280000)
  to   space 2304K,   0% used [0x05e00000, 0x05e00000, 0x06040000)
 tenured generation   total 45928K, used 27407K [0x0a150000, 0x0ce2a000, 0x14c00000)
   the space 45928K,  59% used [0x0a150000, 0x0bc13f60, 0x0bc14000, 0x0ce2a000)
 Metaspace       used 10757K, capacity 10922K, committed 11008K, reserved 11648K
Event: 28901.210 GC heap after
Heap after GC invocations=1399 (full 759):
 def new generation   total 20736K, used 579K [0x04c00000, 0x06280000, 0x0a150000)
  eden space 18432K,   0% used [0x04c00000, 0x04c00000, 0x05e00000)
  from space 2304K,  25% used [0x05e00000, 0x05e90fe0, 0x06040000)
  to   space 2304K,   0% used [0x06040000, 0x06040000, 0x06280000)
 tenured generation   total 45928K, used 27407K [0x0a150000, 0x0ce2a000, 0x14c00000)
   the space 45928K,  59% used [0x0a150000, 0x0bc13f60, 0x0bc14000, 0x0ce2a000)
 Metaspace       used 10757K, capacity 10922K, committed 11008K, reserved 11648K
}
Event: 28902.071 GC heap before
{Heap before GC invocations=1399 (full 759):
 def new generation   total 20736K, used 19011K [0x04c00000, 0x06280000, 0x0a150000)
  eden space 18432K, 100% used [0x04c00000, 0x05e00000, 0x05e00000)
  from space 2304K,  25% used [0x05e00000, 0x05e90fe0, 0x06040000)
  to   space 2304K,   0% used [0x06040000, 0x06040000, 0x06280000)
 tenured generation   total 45928K, used 27407K [0x0a150000, 0x0ce2a000, 0x14c00000)
   the space 45928K,  59% used [0x0a150000, 0x0bc13f60, 0x0bc14000, 0x0ce2a000)
 Metaspace       used 10757K, capacity 10922K, committed 11008K, reserved 11648K
Event: 28902.074 GC heap after
Heap after GC invocations=1400 (full 759):
 def new generation   total 20736K, used 582K [0x04c00000, 0x06280000, 0x0a150000)
  eden space 18432K,   0% used [0x04c00000, 0x04c00000, 0x05e00000)
  from space 2304K,  25% used [0x06040000, 0x060d19d0, 0x06280000)
  to   space 2304K,   0% used [0x05e00000, 0x05e00000, 0x06040000)
 tenured generation   total 45928K, used 27407K [0x0a150000, 0x0ce2a000, 0x14c00000)
   the space 45928K,  59% used [0x0a150000, 0x0bc13f60, 0x0bc14000, 0x0ce2a000)
 Metaspace       used 10757K, capacity 10922K, committed 11008K, reserved 11648K
}
Event: 28902.345 GC heap before
{Heap before GC invocations=1400 (full 759):
 def new generation   total 20736K, used 19014K [0x04c00000, 0x06280000, 0x0a150000)
  eden space 18432K, 100% used [0x04c00000, 0x05e00000, 0x05e00000)
  from space 2304K,  25% used [0x06040000, 0x060d19d0, 0x06280000)
  to   space 2304K,   0% used [0x05e00000, 0x05e00000, 0x06040000)
 tenured generation   total 45928K, used 27407K [0x0a150000, 0x0ce2a000, 0x14c00000)
   the space 45928K,  59% used [0x0a150000, 0x0bc13f60, 0x0bc14000, 0x0ce2a000)
 Metaspace       used 10757K, capacity 10922K, committed 11008K, reserved 11648K
Event: 28902.347 GC heap after
Heap after GC invocations=1401 (full 759):
 def new generation   total 20736K, used 578K [0x04c00000, 0x06280000, 0x0a150000)
  eden space 18432K,   0% used [0x04c00000, 0x04c00000, 0x05e00000)
  from space 2304K,  25% used [0x05e00000, 0x05e90b90, 0x06040000)
  to   space 2304K,   0% used [0x06040000, 0x06040000, 0x06280000)
 tenured generation   total 45928K, used 27407K [0x0a150000, 0x0ce2a000, 0x14c00000)
   the space 45928K,  59% used [0x0a150000, 0x0bc13f60, 0x0bc14000, 0x0ce2a000)
 Metaspace       used 10757K, capacity 10922K, committed 11008K, reserved 11648K
}

